Found 3273 files to process.
Processing: content/studynote/1_computer_architecture/12_accelerators_ai_hardware/440_offloading.md
Processing: content/studynote/1_computer_architecture/12_accelerators_ai_hardware/442_memory_pooling.mdProcessing: content/studynote/1_computer_architecture/12_accelerators_ai_hardware/441_cxl.md

Processing: content/studynote/1_computer_architecture/12_accelerators_ai_hardware/443_ucie.mdProcessing: content/studynote/1_computer_architecture/12_accelerators_ai_hardware/444_nvlink_nvswitch.md

API Error (attempt 1): HTTP Error 429: Too Many Requests
Failed to process content/studynote/1_computer_architecture/12_accelerators_ai_hardware/444_nvlink_nvswitch.md: module 'time' has no attribute 'append'
Processing: content/studynote/1_computer_architecture/12_accelerators_ai_hardware/445_neuromorphic.md
API Error (attempt 1): HTTP Error 429: Too Many Requests
Failed to process content/studynote/1_computer_architecture/12_accelerators_ai_hardware/445_neuromorphic.md: module 'time' has no attribute 'append'
Processing: content/studynote/1_computer_architecture/12_accelerators_ai_hardware/446_snn.md
API Error (attempt 1): HTTP Error 429: Too Many Requests
Failed to process content/studynote/1_computer_architecture/12_accelerators_ai_hardware/446_snn.md: module 'time' has no attribute 'append'
Processing: content/studynote/1_computer_architecture/12_accelerators_ai_hardware/447_quantum_computing.md
API Error (attempt 1): HTTP Error 429: Too Many Requests
Failed to process content/studynote/1_computer_architecture/12_accelerators_ai_hardware/447_quantum_computing.md: module 'time' has no attribute 'append'
Processing: content/studynote/1_computer_architecture/12_accelerators_ai_hardware/448_qubit.md
API Error (attempt 1): HTTP Error 429: Too Many Requests
Failed to process content/studynote/1_computer_architecture/12_accelerators_ai_hardware/448_qubit.md: module 'time' has no attribute 'append'
Processing: content/studynote/1_computer_architecture/13_reliability_power_management/454_spof.md
API Error (attempt 1): HTTP Error 429: Too Many Requests
Failed to process content/studynote/1_computer_architecture/13_reliability_power_management/454_spof.md: module 'time' has no attribute 'append'
Processing: content/studynote/1_computer_architecture/13_reliability_power_management/455_tmr.md
API Error (attempt 1): HTTP Error 429: Too Many Requests
Failed to process content/studynote/1_computer_architecture/13_reliability_power_management/455_tmr.md: module 'time' has no attribute 'append'
Processing: content/studynote/1_computer_architecture/13_reliability_power_management/456_dual_redundancy.md
API Error (attempt 1): HTTP Error 429: Too Many Requests
Failed to process content/studynote/1_computer_architecture/13_reliability_power_management/456_dual_redundancy.md: module 'time' has no attribute 'append'
Processing: content/studynote/1_computer_architecture/13_reliability_power_management/457_hot_standby.md
API Error (attempt 1): HTTP Error 429: Too Many Requests
Failed to process content/studynote/1_computer_architecture/13_reliability_power_management/457_hot_standby.md: module 'time' has no attribute 'append'
Processing: content/studynote/1_computer_architecture/13_reliability_power_management/458_cold_standby.md
API Error (attempt 1): HTTP Error 429: Too Many Requests
Failed to process content/studynote/1_computer_architecture/13_reliability_power_management/458_cold_standby.md: module 'time' has no attribute 'append'
Processing: content/studynote/1_computer_architecture/13_reliability_power_management/459_fail_safe.md
API Error (attempt 1): HTTP Error 429: Too Many Requests
Failed to process content/studynote/1_computer_architecture/13_reliability_power_management/459_fail_safe.md: module 'time' has no attribute 'append'
Processing: content/studynote/1_computer_architecture/13_reliability_power_management/460_fail_soft.md
API Error (attempt 1): HTTP Error 429: Too Many Requests
Failed to process content/studynote/1_computer_architecture/13_reliability_power_management/460_fail_soft.md: module 'time' has no attribute 'append'
Processing: content/studynote/1_computer_architecture/13_reliability_power_management/461_watchdog_timer.md
API Error (attempt 1): HTTP Error 429: Too Many Requests
Failed to process content/studynote/1_computer_architecture/13_reliability_power_management/461_watchdog_timer.md: module 'time' has no attribute 'append'
Processing: content/studynote/1_computer_architecture/13_reliability_power_management/462_soft_error_hard_error.md
API Error (attempt 1): HTTP Error 429: Too Many Requests
Failed to process content/studynote/1_computer_architecture/13_reliability_power_management/462_soft_error_hard_error.md: module 'time' has no attribute 'append'
Processing: content/studynote/1_computer_architecture/13_reliability_power_management/462_soft_error_vs_hard_error.md
API Error (attempt 1): HTTP Error 429: Too Many Requests
Failed to process content/studynote/1_computer_architecture/13_reliability_power_management/462_soft_error_vs_hard_error.md: module 'time' has no attribute 'append'
Processing: content/studynote/1_computer_architecture/13_reliability_power_management/463_ecc_memory.md
API Error (attempt 1): HTTP Error 429: Too Many Requests
Failed to process content/studynote/1_computer_architecture/13_reliability_power_management/463_ecc_memory.md: module 'time' has no attribute 'append'
Processing: content/studynote/1_computer_architecture/13_reliability_power_management/471_power_gating.md
API Error (attempt 1): HTTP Error 429: Too Many Requests
Failed to process content/studynote/1_computer_architecture/13_reliability_power_management/471_power_gating.md: module 'time' has no attribute 'append'
Processing: content/studynote/1_computer_architecture/13_reliability_power_management/472_tdp.md
API Error (attempt 1): HTTP Error 429: Too Many Requests
Failed to process content/studynote/1_computer_architecture/13_reliability_power_management/472_tdp.md: module 'time' has no attribute 'append'
Processing: content/studynote/1_computer_architecture/13_reliability_power_management/473_thermal_throttling.md
API Error (attempt 1): HTTP Error 429: Too Many Requests
Failed to process content/studynote/1_computer_architecture/13_reliability_power_management/473_thermal_throttling.md: module 'time' has no attribute 'append'
Processing: content/studynote/1_computer_architecture/13_reliability_power_management/474_energy_proportional_computing.md
API Error (attempt 1): HTTP Error 429: Too Many Requests
Failed to process content/studynote/1_computer_architecture/13_reliability_power_management/474_energy_proportional_computing.md: module 'time' has no attribute 'append'
Processing: content/studynote/1_computer_architecture/14_hardware_security_trends/484_rowhammer.md
API Error (attempt 1): HTTP Error 429: Too Many Requests
Failed to process content/studynote/1_computer_architecture/14_hardware_security_trends/484_rowhammer.md: module 'time' has no attribute 'append'
Processing: content/studynote/1_computer_architecture/14_hardware_security_trends/485_puf.md
API Error (attempt 1): HTTP Error 429: Too Many Requests
Failed to process content/studynote/1_computer_architecture/14_hardware_security_trends/485_puf.md: module 'time' has no attribute 'append'
Processing: content/studynote/1_computer_architecture/14_hardware_security_trends/486_trng.md
API Error (attempt 1): HTTP Error 429: Too Many Requests
Failed to process content/studynote/1_computer_architecture/14_hardware_security_trends/486_trng.md: module 'time' has no attribute 'append'
Processing: content/studynote/1_computer_architecture/14_hardware_security_trends/487_root_of_trust.md
API Error (attempt 1): HTTP Error 429: Too Many Requests
Failed to process content/studynote/1_computer_architecture/14_hardware_security_trends/487_root_of_trust.md: module 'time' has no attribute 'append'
Processing: content/studynote/1_computer_architecture/14_hardware_security_trends/495_hbm.md
API Error (attempt 1): HTTP Error 429: Too Many Requests
Failed to process content/studynote/1_computer_architecture/14_hardware_security_trends/495_hbm.md: module 'time' has no attribute 'append'
Processing: content/studynote/1_computer_architecture/14_hardware_security_trends/496_tsv.md
API Error (attempt 1): HTTP Error 429: Too Many Requests
Failed to process content/studynote/1_computer_architecture/14_hardware_security_trends/496_tsv.md: module 'time' has no attribute 'append'
Processing: content/studynote/1_computer_architecture/14_hardware_security_trends/497_chiplet.md
API Error (attempt 1): HTTP Error 429: Too Many Requests
Failed to process content/studynote/1_computer_architecture/14_hardware_security_trends/497_chiplet.md: module 'time' has no attribute 'append'
Processing: content/studynote/1_computer_architecture/14_hardware_security_trends/498_25d_3d_packaging.md
API Error (attempt 1): HTTP Error 429: Too Many Requests
Failed to process content/studynote/1_computer_architecture/14_hardware_security_trends/498_25d_3d_packaging.md: module 'time' has no attribute 'append'
Processing: content/studynote/1_computer_architecture/14_hardware_security_trends/499_sdi_hardware.md
API Error (attempt 1): HTTP Error 429: Too Many Requests
Failed to process content/studynote/1_computer_architecture/14_hardware_security_trends/499_sdi_hardware.md: module 'time' has no attribute 'append'
Processing: content/studynote/1_computer_architecture/15_advanced_topics/500_von_neumann_bottleneck.md
Done: content/studynote/1_computer_architecture/12_accelerators_ai_hardware/442_memory_pooling.md
Processing: content/studynote/1_computer_architecture/15_advanced_topics/535_system_in_package.md
Done: content/studynote/1_computer_architecture/12_accelerators_ai_hardware/440_offloading.md
Processing: content/studynote/1_computer_architecture/15_advanced_topics/536_llvm_ir.md
Done: content/studynote/1_computer_architecture/12_accelerators_ai_hardware/443_ucie.md
Processing: content/studynote/1_computer_architecture/15_advanced_topics/537_auto_vectorization.md
Done: content/studynote/1_computer_architecture/12_accelerators_ai_hardware/441_cxl.md
Processing: content/studynote/1_computer_architecture/15_advanced_topics/538_loop_unrolling.md
Done: content/studynote/1_computer_architecture/15_advanced_topics/500_von_neumann_bottleneck.md
Processing: content/studynote/1_computer_architecture/15_advanced_topics/539_loop_tiling.md
Done: content/studynote/1_computer_architecture/15_advanced_topics/535_system_in_package.md
Processing: content/studynote/1_computer_architecture/15_advanced_topics/540_hardware_buffer_overflow_defense.md
Done: content/studynote/1_computer_architecture/15_advanced_topics/536_llvm_ir.md
Processing: content/studynote/1_computer_architecture/15_advanced_topics/541_stack_smashing_protector.md
Done: content/studynote/1_computer_architecture/15_advanced_topics/538_loop_unrolling.md
Processing: content/studynote/1_computer_architecture/15_advanced_topics/542_pointer_authentication.md
Done: content/studynote/1_computer_architecture/15_advanced_topics/539_loop_tiling.md
Processing: content/studynote/1_computer_architecture/15_advanced_topics/543_pqc_accelerator.md
Done: content/studynote/1_computer_architecture/15_advanced_topics/540_hardware_buffer_overflow_defense.md
Processing: content/studynote/1_computer_architecture/15_advanced_topics/544_secure_context_switching.md
Done: content/studynote/1_computer_architecture/15_advanced_topics/537_auto_vectorization.md
Processing: content/studynote/1_computer_architecture/15_advanced_topics/545_interrupt_latency.md
Done: content/studynote/1_computer_architecture/15_advanced_topics/541_stack_smashing_protector.md
Processing: content/studynote/1_computer_architecture/15_advanced_topics/546_tsn_hardware.md
Done: content/studynote/1_computer_architecture/15_advanced_topics/542_pointer_authentication.md
Processing: content/studynote/1_computer_architecture/15_advanced_topics/547_real_time_system_timer.md
Done: content/studynote/1_computer_architecture/15_advanced_topics/543_pqc_accelerator.md
Processing: content/studynote/1_computer_architecture/15_advanced_topics/548_autonomous_driving_hpc.md
Done: content/studynote/1_computer_architecture/15_advanced_topics/546_tsn_hardware.md
Processing: content/studynote/1_computer_architecture/15_advanced_topics/549_adas_sensor_fusion.md
Done: content/studynote/1_computer_architecture/15_advanced_topics/544_secure_context_switching.md
Processing: content/studynote/1_computer_architecture/15_advanced_topics/550_smart_factory_edge_gateway.md
Done: content/studynote/1_computer_architecture/15_advanced_topics/545_interrupt_latency.md
Processing: content/studynote/1_computer_architecture/15_advanced_topics/551_video_codec_acceleration.md
Done: content/studynote/1_computer_architecture/15_advanced_topics/547_real_time_system_timer.md
Processing: content/studynote/1_computer_architecture/15_advanced_topics/588_tcp_offload_engine_toe.md
Done: content/studynote/1_computer_architecture/15_advanced_topics/550_smart_factory_edge_gateway.md
Processing: content/studynote/1_computer_architecture/15_advanced_topics/589_ipsec_offload_accelerator.md
Done: content/studynote/1_computer_architecture/15_advanced_topics/551_video_codec_acceleration.md
Processing: content/studynote/1_computer_architecture/15_advanced_topics/590_virtual_switch_offload_vswitch.md
Done: content/studynote/1_computer_architecture/15_advanced_topics/549_adas_sensor_fusion.md
Processing: content/studynote/1_computer_architecture/15_advanced_topics/591_packet_classification_algorithm_tcam.md
Done: content/studynote/1_computer_architecture/15_advanced_topics/548_autonomous_driving_hpc.md
Processing: content/studynote/1_computer_architecture/15_advanced_topics/592_open_channel_ssd_architecture.md
Done: content/studynote/1_computer_architecture/15_advanced_topics/588_tcp_offload_engine_toe.md
Processing: content/studynote/1_computer_architecture/15_advanced_topics/593_zoned_storage.md
Done: content/studynote/1_computer_architecture/15_advanced_topics/592_open_channel_ssd_architecture.md
Processing: content/studynote/1_computer_architecture/15_advanced_topics/594_key_value_storage_kv_ssd.md
Done: content/studynote/1_computer_architecture/15_advanced_topics/589_ipsec_offload_accelerator.md
Processing: content/studynote/1_computer_architecture/15_advanced_topics/628_recovery_time_objective_rto.md
Done: content/studynote/1_computer_architecture/15_advanced_topics/591_packet_classification_algorithm_tcam.md
Processing: content/studynote/1_computer_architecture/15_advanced_topics/629_bare_metal_cloud.md
Done: content/studynote/1_computer_architecture/15_advanced_topics/590_virtual_switch_offload_vswitch.md
Processing: content/studynote/1_computer_architecture/15_advanced_topics/630_hyper_converged_infrastructure_hci.md
Done: content/studynote/1_computer_architecture/15_advanced_topics/593_zoned_storage.md
Processing: content/studynote/1_computer_architecture/15_advanced_topics/641_data_lake_storage_architecture.md
Done: content/studynote/1_computer_architecture/15_advanced_topics/630_hyper_converged_infrastructure_hci.md
Processing: content/studynote/1_computer_architecture/15_advanced_topics/642_observability_hw_telemetry.md
Done: content/studynote/1_computer_architecture/15_advanced_topics/628_recovery_time_objective_rto.md
Processing: content/studynote/1_computer_architecture/15_advanced_topics/643_aiops_based_hardware_anomaly_detection.md
Done: content/studynote/1_computer_architecture/15_advanced_topics/629_bare_metal_cloud.md
Processing: content/studynote/1_computer_architecture/15_advanced_topics/644_zero_trust_hardware_rot.md
Done: content/studynote/1_computer_architecture/15_advanced_topics/594_key_value_storage_kv_ssd.md
Processing: content/studynote/1_computer_architecture/15_advanced_topics/645_data_pipeline_acceleration.md
Done: content/studynote/1_computer_architecture/15_advanced_topics/641_data_lake_storage_architecture.md
Processing: content/studynote/1_computer_architecture/15_advanced_topics/646_blockchain_node_storage_bottleneck.md
Done: content/studynote/1_computer_architecture/15_advanced_topics/644_zero_trust_hardware_rot.md
Processing: content/studynote/1_computer_architecture/15_advanced_topics/647_byzantine_fault_tolerance_bft.md
Done: content/studynote/1_computer_architecture/15_advanced_topics/642_observability_hw_telemetry.md
Processing: content/studynote/1_computer_architecture/15_advanced_topics/648_cap_theorem_and_distributed_storage.md
Done: content/studynote/1_computer_architecture/15_advanced_topics/643_aiops_based_hardware_anomaly_detection.md
Processing: content/studynote/1_computer_architecture/15_advanced_topics/649_pacelc_theorem.md
Done: content/studynote/1_computer_architecture/15_advanced_topics/645_data_pipeline_acceleration.md
Processing: content/studynote/1_computer_architecture/15_advanced_topics/650_eventual_consistency.md
Done: content/studynote/1_computer_architecture/15_advanced_topics/646_blockchain_node_storage_bottleneck.md
Processing: content/studynote/1_computer_architecture/15_advanced_topics/651_server_rack_pdu.md
Done: content/studynote/1_computer_architecture/15_advanced_topics/647_byzantine_fault_tolerance_bft.md
Processing: content/studynote/1_computer_architecture/15_advanced_topics/652_ups.md
Done: content/studynote/1_computer_architecture/15_advanced_topics/648_cap_theorem_and_distributed_storage.md
Processing: content/studynote/1_computer_architecture/15_advanced_topics/653_arm_cortex_a.md
Done: content/studynote/1_computer_architecture/15_advanced_topics/649_pacelc_theorem.md
Processing: content/studynote/1_computer_architecture/15_advanced_topics/654_arm_cortex_r.md
Done: content/studynote/1_computer_architecture/15_advanced_topics/652_ups.md
Processing: content/studynote/1_computer_architecture/15_advanced_topics/655_arm_cortex_m.md
Done: content/studynote/1_computer_architecture/15_advanced_topics/650_eventual_consistency.md
Processing: content/studynote/1_computer_architecture/15_advanced_topics/656_x86_ring_mode.md
Done: content/studynote/1_computer_architecture/15_advanced_topics/651_server_rack_pdu.md
Processing: content/studynote/1_computer_architecture/15_advanced_topics/657_virtualization_vmx_root.md
Done: content/studynote/1_computer_architecture/15_advanced_topics/653_arm_cortex_a.md
Processing: content/studynote/1_computer_architecture/15_advanced_topics/658_intel_vt_x.md
Done: content/studynote/1_computer_architecture/15_advanced_topics/654_arm_cortex_r.md
Processing: content/studynote/1_computer_architecture/15_advanced_topics/659_amd_v.md
Done: content/studynote/1_computer_architecture/15_advanced_topics/656_x86_ring_mode.md
Processing: content/studynote/1_computer_architecture/15_advanced_topics/660_nested_page_table.md
Done: content/studynote/1_computer_architecture/15_advanced_topics/655_arm_cortex_m.md
Processing: content/studynote/1_computer_architecture/15_advanced_topics/661_확장_페이지_테이블_Extended_Page_Table_EPT.md
Done: content/studynote/1_computer_architecture/15_advanced_topics/657_virtualization_vmx_root.md
Processing: content/studynote/1_computer_architecture/15_advanced_topics/662_그림자_페이지_테이블_Shadow_Page_Table.md
Done: content/studynote/1_computer_architecture/15_advanced_topics/658_intel_vt_x.md
Processing: content/studynote/1_computer_architecture/15_advanced_topics/663_반가상화_Paravirtualization_IO.md
Done: content/studynote/1_computer_architecture/15_advanced_topics/660_nested_page_table.md
Processing: content/studynote/1_computer_architecture/15_advanced_topics/664_전가상화_Full_Virtualization_IO.md
Done: content/studynote/1_computer_architecture/15_advanced_topics/659_amd_v.md
Processing: content/studynote/1_computer_architecture/15_advanced_topics/665_Virtio_드라이버_모델.md
Done: content/studynote/1_computer_architecture/15_advanced_topics/661_확장_페이지_테이블_Extended_Page_Table_EPT.md
Processing: content/studynote/1_computer_architecture/15_advanced_topics/666_VFIO_프레임워크.md
Done: content/studynote/1_computer_architecture/15_advanced_topics/662_그림자_페이지_테이블_Shadow_Page_Table.md
Processing: content/studynote/1_computer_architecture/15_advanced_topics/667_컨테이너_런타임_runc_HW_네임스페이스.md
Done: content/studynote/1_computer_architecture/15_advanced_topics/663_반가상화_Paravirtualization_IO.md
Processing: content/studynote/1_computer_architecture/15_advanced_topics/668_cgroups_Control_Groups_자원_할당.md
Done: content/studynote/1_computer_architecture/15_advanced_topics/664_전가상화_Full_Virtualization_IO.md
Processing: content/studynote/1_computer_architecture/15_advanced_topics/669_BPF_Berkeley_Packet_Filter_HW_오프로딩.md
Done: content/studynote/1_computer_architecture/15_advanced_topics/665_Virtio_드라이버_모델.md
Processing: content/studynote/1_computer_architecture/15_advanced_topics/670_XDP_eXpress_Data_Path.md
Done: content/studynote/1_computer_architecture/15_advanced_topics/666_VFIO_프레임워크.md
Processing: content/studynote/1_computer_architecture/15_advanced_topics/671_dpdk.md
Done: content/studynote/1_computer_architecture/15_advanced_topics/667_컨테이너_런타임_runc_HW_네임스페이스.md
Processing: content/studynote/1_computer_architecture/15_advanced_topics/672_spdk.md
Done: content/studynote/1_computer_architecture/15_advanced_topics/668_cgroups_Control_Groups_자원_할당.md
Processing: content/studynote/1_computer_architecture/15_advanced_topics/673_rdma_iwarp.md
Done: content/studynote/1_computer_architecture/15_advanced_topics/669_BPF_Berkeley_Packet_Filter_HW_오프로딩.md
Processing: content/studynote/1_computer_architecture/15_advanced_topics/674_storage_tiering.md
Done: content/studynote/1_computer_architecture/15_advanced_topics/670_XDP_eXpress_Data_Path.md
Processing: content/studynote/1_computer_architecture/15_advanced_topics/675_hot_data_caching.md
Done: content/studynote/1_computer_architecture/15_advanced_topics/671_dpdk.md
Processing: content/studynote/1_computer_architecture/15_advanced_topics/676_cold_data_archiving.md
Done: content/studynote/1_computer_architecture/15_advanced_topics/672_spdk.md
Processing: content/studynote/1_computer_architecture/15_advanced_topics/677_object_storage.md
Done: content/studynote/1_computer_architecture/15_advanced_topics/673_rdma_iwarp.md
Processing: content/studynote/1_computer_architecture/15_advanced_topics/678_ceph_architecture.md
Done: content/studynote/1_computer_architecture/15_advanced_topics/674_storage_tiering.md
Processing: content/studynote/1_computer_architecture/15_advanced_topics/679_glusterfs.md
Done: content/studynote/1_computer_architecture/15_advanced_topics/675_hot_data_caching.md
Processing: content/studynote/1_computer_architecture/15_advanced_topics/680_hdfs.md
Done: content/studynote/1_computer_architecture/15_advanced_topics/676_cold_data_archiving.md
Processing: content/studynote/1_computer_architecture/15_advanced_topics/696_fibre_channel_protocol.md
Done: content/studynote/1_computer_architecture/15_advanced_topics/677_object_storage.md
Processing: content/studynote/1_computer_architecture/15_advanced_topics/697_fcoe.md
Done: content/studynote/1_computer_architecture/15_advanced_topics/678_ceph_architecture.md
Processing: content/studynote/1_computer_architecture/15_advanced_topics/700_nvme_namespaces.md
Done: content/studynote/1_computer_architecture/15_advanced_topics/680_hdfs.md
Processing: content/studynote/1_computer_architecture/15_advanced_topics/702_nvme_multistream_write.md
Done: content/studynote/1_computer_architecture/15_advanced_topics/679_glusterfs.md
Processing: content/studynote/1_computer_architecture/1_basic_electronics_logic/10_insulator.md
Done: content/studynote/1_computer_architecture/15_advanced_topics/696_fibre_channel_protocol.md
Processing: content/studynote/1_computer_architecture/1_basic_electronics_logic/11_diode.md
Done: content/studynote/1_computer_architecture/15_advanced_topics/697_fcoe.md
Processing: content/studynote/1_computer_architecture/1_basic_electronics_logic/12_rectifier.md
Done: content/studynote/1_computer_architecture/15_advanced_topics/702_nvme_multistream_write.md
Processing: content/studynote/1_computer_architecture/1_basic_electronics_logic/13_led.md
Done: content/studynote/1_computer_architecture/15_advanced_topics/700_nvme_namespaces.md
Processing: content/studynote/1_computer_architecture/1_basic_electronics_logic/14_transistor.md
Done: content/studynote/1_computer_architecture/1_basic_electronics_logic/11_diode.md
Processing: content/studynote/1_computer_architecture/1_basic_electronics_logic/15_bjt.md
Done: content/studynote/1_computer_architecture/1_basic_electronics_logic/10_insulator.md
Processing: content/studynote/1_computer_architecture/1_basic_electronics_logic/16_fet.md
Done: content/studynote/1_computer_architecture/1_basic_electronics_logic/12_rectifier.md
Processing: content/studynote/1_computer_architecture/1_basic_electronics_logic/17_mosfet.md
Done: content/studynote/1_computer_architecture/1_basic_electronics_logic/14_transistor.md
Processing: content/studynote/1_computer_architecture/1_basic_electronics_logic/18_cmos.md
Done: content/studynote/1_computer_architecture/1_basic_electronics_logic/13_led.md
Processing: content/studynote/1_computer_architecture/1_basic_electronics_logic/19_finfet.md
Done: content/studynote/1_computer_architecture/1_basic_electronics_logic/16_fet.md
Processing: content/studynote/1_computer_architecture/1_basic_electronics_logic/20_gaa.md
Done: content/studynote/1_computer_architecture/1_basic_electronics_logic/15_bjt.md
Processing: content/studynote/1_computer_architecture/1_basic_electronics_logic/21_digital_vs_analog.md
Done: content/studynote/1_computer_architecture/1_basic_electronics_logic/20_gaa.md
Processing: content/studynote/1_computer_architecture/1_basic_electronics_logic/22_boolean_algebra.md
Done: content/studynote/1_computer_architecture/1_basic_electronics_logic/18_cmos.md
Processing: content/studynote/1_computer_architecture/1_basic_electronics_logic/23_demorgans_law.md
Done: content/studynote/1_computer_architecture/1_basic_electronics_logic/17_mosfet.md
Processing: content/studynote/1_computer_architecture/1_basic_electronics_logic/24_truth_table.md
Done: content/studynote/1_computer_architecture/1_basic_electronics_logic/19_finfet.md
Processing: content/studynote/1_computer_architecture/1_basic_electronics_logic/25_karnaugh_map.md
Done: content/studynote/1_computer_architecture/1_basic_electronics_logic/21_digital_vs_analog.md
Processing: content/studynote/1_computer_architecture/1_basic_electronics_logic/26_minterm_maxterm.md
Done: content/studynote/1_computer_architecture/1_basic_electronics_logic/24_truth_table.md
Processing: content/studynote/1_computer_architecture/1_basic_electronics_logic/27_logic_gates.md
Done: content/studynote/1_computer_architecture/1_basic_electronics_logic/25_karnaugh_map.md
Processing: content/studynote/1_computer_architecture/1_basic_electronics_logic/28_and_or_not.md
Done: content/studynote/1_computer_architecture/1_basic_electronics_logic/26_minterm_maxterm.md
Processing: content/studynote/1_computer_architecture/1_basic_electronics_logic/29_nand_nor.md
Done: content/studynote/1_computer_architecture/1_basic_electronics_logic/22_boolean_algebra.md
Processing: content/studynote/1_computer_architecture/1_basic_electronics_logic/30_xor_xnor.md
Done: content/studynote/1_computer_architecture/1_basic_electronics_logic/23_demorgans_law.md
Processing: content/studynote/1_computer_architecture/1_basic_electronics_logic/31_universal_gate.md
Done: content/studynote/1_computer_architecture/1_basic_electronics_logic/27_logic_gates.md
Processing: content/studynote/1_computer_architecture/1_basic_electronics_logic/32_combinational_logic.md
Done: content/studynote/1_computer_architecture/1_basic_electronics_logic/28_and_or_not.md
Processing: content/studynote/1_computer_architecture/1_basic_electronics_logic/33_half_adder.md
Done: content/studynote/1_computer_architecture/1_basic_electronics_logic/29_nand_nor.md
Processing: content/studynote/1_computer_architecture/1_basic_electronics_logic/34_full_adder.md
Done: content/studynote/1_computer_architecture/1_basic_electronics_logic/31_universal_gate.md
Processing: content/studynote/1_computer_architecture/1_basic_electronics_logic/35_ripple_carry_adder.md
Done: content/studynote/1_computer_architecture/1_basic_electronics_logic/30_xor_xnor.md
Processing: content/studynote/1_computer_architecture/1_basic_electronics_logic/36_carry_lookahead_adder.md
Done: content/studynote/1_computer_architecture/1_basic_electronics_logic/32_combinational_logic.md
Processing: content/studynote/1_computer_architecture/1_basic_electronics_logic/37_subtractor.md
Done: content/studynote/1_computer_architecture/1_basic_electronics_logic/33_half_adder.md
Processing: content/studynote/1_computer_architecture/1_basic_electronics_logic/38_parallel_adder_subtractor.md
Done: content/studynote/1_computer_architecture/1_basic_electronics_logic/35_ripple_carry_adder.md
Processing: content/studynote/1_computer_architecture/1_basic_electronics_logic/39_decoder.md
Done: content/studynote/1_computer_architecture/1_basic_electronics_logic/36_carry_lookahead_adder.md
Processing: content/studynote/1_computer_architecture/1_basic_electronics_logic/40_encoder.md
Done: content/studynote/1_computer_architecture/1_basic_electronics_logic/34_full_adder.md
Processing: content/studynote/1_computer_architecture/1_basic_electronics_logic/41_multiplexer.md
Done: content/studynote/1_computer_architecture/1_basic_electronics_logic/37_subtractor.md
Processing: content/studynote/1_computer_architecture/1_basic_electronics_logic/42_demultiplexer.md
Done: content/studynote/1_computer_architecture/1_basic_electronics_logic/38_parallel_adder_subtractor.md
Processing: content/studynote/1_computer_architecture/1_basic_electronics_logic/43_comparator.md
Done: content/studynote/1_computer_architecture/1_basic_electronics_logic/40_encoder.md
Processing: content/studynote/1_computer_architecture/1_basic_electronics_logic/44_sequential_logic.md
Done: content/studynote/1_computer_architecture/1_basic_electronics_logic/41_multiplexer.md
Processing: content/studynote/1_computer_architecture/1_basic_electronics_logic/48_latch.md
Done: content/studynote/1_computer_architecture/1_basic_electronics_logic/42_demultiplexer.md
Processing: content/studynote/1_computer_architecture/1_basic_electronics_logic/51_flip_flop.md
Done: content/studynote/1_computer_architecture/1_basic_electronics_logic/39_decoder.md
Processing: content/studynote/1_computer_architecture/1_basic_electronics_logic/57_register.md
Done: content/studynote/1_computer_architecture/1_basic_electronics_logic/44_sequential_logic.md
Processing: content/studynote/1_computer_architecture/1_basic_electronics_logic/59_counter.md
Done: content/studynote/1_computer_architecture/1_basic_electronics_logic/43_comparator.md
Processing: content/studynote/1_computer_architecture/1_basic_electronics_logic/60_modulo_n_counter.md
Done: content/studynote/1_computer_architecture/1_basic_electronics_logic/48_latch.md
Processing: content/studynote/1_computer_architecture/1_basic_electronics_logic/63_ring_counter.md
Done: content/studynote/1_computer_architecture/1_basic_electronics_logic/51_flip_flop.md
Processing: content/studynote/1_computer_architecture/1_basic_electronics_logic/65_state_diagram.md
Done: content/studynote/1_computer_architecture/1_basic_electronics_logic/60_modulo_n_counter.md
Processing: content/studynote/1_computer_architecture/1_basic_electronics_logic/66_state_table.md
Done: content/studynote/1_computer_architecture/1_basic_electronics_logic/57_register.md
Processing: content/studynote/1_computer_architecture/1_basic_electronics_logic/67_moore_machine.md
Done: content/studynote/1_computer_architecture/1_basic_electronics_logic/63_ring_counter.md
Processing: content/studynote/1_computer_architecture/1_basic_electronics_logic/68_mealy_machine.md
Done: content/studynote/1_computer_architecture/1_basic_electronics_logic/59_counter.md
Processing: content/studynote/1_computer_architecture/1_basic_electronics_logic/69_fpga.md
Done: content/studynote/1_computer_architecture/1_basic_electronics_logic/66_state_table.md
Processing: content/studynote/1_computer_architecture/1_basic_electronics_logic/6_capacitance.md
Done: content/studynote/1_computer_architecture/1_basic_electronics_logic/67_moore_machine.md
Processing: content/studynote/1_computer_architecture/1_basic_electronics_logic/70_asic.md
Done: content/studynote/1_computer_architecture/1_basic_electronics_logic/65_state_diagram.md
Processing: content/studynote/1_computer_architecture/1_basic_electronics_logic/71_cpld.md
Done: content/studynote/1_computer_architecture/1_basic_electronics_logic/68_mealy_machine.md
Processing: content/studynote/1_computer_architecture/1_basic_electronics_logic/72_hdl.md
Done: content/studynote/1_computer_architecture/1_basic_electronics_logic/69_fpga.md
Processing: content/studynote/1_computer_architecture/1_basic_electronics_logic/7_inductor.md
Done: content/studynote/1_computer_architecture/1_basic_electronics_logic/6_capacitance.md
Processing: content/studynote/1_computer_architecture/1_basic_electronics_logic/8_conductor.md
Done: content/studynote/1_computer_architecture/1_basic_electronics_logic/70_asic.md
Processing: content/studynote/1_computer_architecture/1_basic_electronics_logic/9_semiconductor.md
Done: content/studynote/1_computer_architecture/1_basic_electronics_logic/72_hdl.md
Processing: content/studynote/1_computer_architecture/2_data_representation_arithmetic/100_unpacked_bcd.md
Done: content/studynote/1_computer_architecture/1_basic_electronics_logic/71_cpld.md
Processing: content/studynote/1_computer_architecture/2_data_representation_arithmetic/101_excess_3_code.md
Done: content/studynote/1_computer_architecture/2_data_representation_arithmetic/100_unpacked_bcd.md
Processing: content/studynote/1_computer_architecture/2_data_representation_arithmetic/102_gray_code.md
Done: content/studynote/1_computer_architecture/1_basic_electronics_logic/7_inductor.md
Processing: content/studynote/1_computer_architecture/2_data_representation_arithmetic/103_ascii_code.md
Done: content/studynote/1_computer_architecture/1_basic_electronics_logic/8_conductor.md
Processing: content/studynote/1_computer_architecture/2_data_representation_arithmetic/104_unicode.md
Done: content/studynote/1_computer_architecture/1_basic_electronics_logic/9_semiconductor.md
Processing: content/studynote/1_computer_architecture/2_data_representation_arithmetic/79_lsb.md
Done: content/studynote/1_computer_architecture/2_data_representation_arithmetic/102_gray_code.md
Processing: content/studynote/1_computer_architecture/2_data_representation_arithmetic/80_msb.md
Done: content/studynote/1_computer_architecture/2_data_representation_arithmetic/79_lsb.md
Processing: content/studynote/1_computer_architecture/2_data_representation_arithmetic/81_unsigned_integer.md
Done: content/studynote/1_computer_architecture/2_data_representation_arithmetic/104_unicode.md
Processing: content/studynote/1_computer_architecture/2_data_representation_arithmetic/82_signed_integer.md
Done: content/studynote/1_computer_architecture/2_data_representation_arithmetic/103_ascii_code.md
Processing: content/studynote/1_computer_architecture/2_data_representation_arithmetic/83_sign_magnitude.md
Done: content/studynote/1_computer_architecture/2_data_representation_arithmetic/101_excess_3_code.md
Processing: content/studynote/1_computer_architecture/2_data_representation_arithmetic/85_2s_complement.md
Done: content/studynote/1_computer_architecture/2_data_representation_arithmetic/81_unsigned_integer.md
Processing: content/studynote/1_computer_architecture/2_data_representation_arithmetic/87_floating_point.md
Done: content/studynote/1_computer_architecture/2_data_representation_arithmetic/80_msb.md
Processing: content/studynote/1_computer_architecture/2_data_representation_arithmetic/88_ieee_754.md
Done: content/studynote/1_computer_architecture/2_data_representation_arithmetic/85_2s_complement.md
Processing: content/studynote/1_computer_architecture/2_data_representation_arithmetic/89_single_precision.md
Done: content/studynote/1_computer_architecture/2_data_representation_arithmetic/83_sign_magnitude.md
Processing: content/studynote/1_computer_architecture/2_data_representation_arithmetic/90_double_precision.md
Done: content/studynote/1_computer_architecture/2_data_representation_arithmetic/82_signed_integer.md
Processing: content/studynote/1_computer_architecture/2_data_representation_arithmetic/92_bfloat16.md
Done: content/studynote/1_computer_architecture/2_data_representation_arithmetic/87_floating_point.md
Processing: content/studynote/1_computer_architecture/2_data_representation_arithmetic/94_bias.md
Done: content/studynote/1_computer_architecture/2_data_representation_arithmetic/88_ieee_754.md
Processing: content/studynote/1_computer_architecture/2_data_representation_arithmetic/96_underflow.md
Done: content/studynote/1_computer_architecture/2_data_representation_arithmetic/89_single_precision.md
Processing: content/studynote/1_computer_architecture/2_data_representation_arithmetic/97_nan.md
Done: content/studynote/1_computer_architecture/2_data_representation_arithmetic/92_bfloat16.md
Processing: content/studynote/1_computer_architecture/2_data_representation_arithmetic/99_packed_bcd.md
Done: content/studynote/1_computer_architecture/2_data_representation_arithmetic/90_double_precision.md
Processing: content/studynote/1_computer_architecture/6_memory_hierarchy_cache/253_ddr_sdram.md
Done: content/studynote/1_computer_architecture/6_memory_hierarchy_cache/253_ddr_sdram.md
Processing: content/studynote/1_computer_architecture/6_memory_hierarchy_cache/254_memory_interleaving.md
Done: content/studynote/1_computer_architecture/2_data_representation_arithmetic/99_packed_bcd.md
Processing: content/studynote/1_computer_architecture/6_memory_hierarchy_cache/255_rom.md
Done: content/studynote/1_computer_architecture/2_data_representation_arithmetic/94_bias.md
Processing: content/studynote/1_computer_architecture/6_memory_hierarchy_cache/256_flash_memory.md
Done: content/studynote/1_computer_architecture/2_data_representation_arithmetic/96_underflow.md
Processing: content/studynote/1_computer_architecture/6_memory_hierarchy_cache/260_l1_cache.md
Done: content/studynote/1_computer_architecture/2_data_representation_arithmetic/97_nan.md
Processing: content/studynote/1_computer_architecture/6_memory_hierarchy_cache/261_l2_cache.md
Done: content/studynote/1_computer_architecture/6_memory_hierarchy_cache/254_memory_interleaving.md
Processing: content/studynote/1_computer_architecture/6_memory_hierarchy_cache/262_l3_cache.md
Done: content/studynote/1_computer_architecture/6_memory_hierarchy_cache/255_rom.md
Processing: content/studynote/1_computer_architecture/7_virtual_memory_os_integration/299_page_fault_processing.md
Done: content/studynote/1_computer_architecture/6_memory_hierarchy_cache/256_flash_memory.md
Processing: content/studynote/1_computer_architecture/7_virtual_memory_os_integration/300_page_replacement_algorithm.md
Done: content/studynote/1_computer_architecture/6_memory_hierarchy_cache/261_l2_cache.md
Processing: content/studynote/1_computer_architecture/7_virtual_memory_os_integration/301_opt_optimal_replacement.md
Done: content/studynote/1_computer_architecture/7_virtual_memory_os_integration/299_page_fault_processing.md
Processing: content/studynote/1_computer_architecture/7_virtual_memory_os_integration/302_clock_algorithm.md
Done: content/studynote/1_computer_architecture/7_virtual_memory_os_integration/300_page_replacement_algorithm.md
Processing: content/studynote/1_computer_architecture/7_virtual_memory_os_integration/303_nur_not_used_recently.md
Done: content/studynote/1_computer_architecture/7_virtual_memory_os_integration/301_opt_optimal_replacement.md
Processing: content/studynote/1_computer_architecture/7_virtual_memory_os_integration/306_pff_page_fault_frequency.md
Done: content/studynote/1_computer_architecture/7_virtual_memory_os_integration/302_clock_algorithm.md
Processing: content/studynote/1_computer_architecture/7_virtual_memory_os_integration/308_memory_mapped_file.md
Done: content/studynote/1_computer_architecture/7_virtual_memory_os_integration/303_nur_not_used_recently.md
Processing: content/studynote/1_computer_architecture/8_io_storage_systems/312_programmed_io.md
Done: content/studynote/1_computer_architecture/7_virtual_memory_os_integration/306_pff_page_fault_frequency.md
Processing: content/studynote/1_computer_architecture/8_io_storage_systems/315_interrupt.md
Done: content/studynote/1_computer_architecture/7_virtual_memory_os_integration/308_memory_mapped_file.md
Processing: content/studynote/1_computer_architecture/8_io_storage_systems/323_track_sector_cylinder.md
API Error (attempt 1): The read operation timed out
Failed to process content/studynote/1_computer_architecture/6_memory_hierarchy_cache/260_l1_cache.md: module 'time' has no attribute 'append'
Processing: content/studynote/1_computer_architecture/8_io_storage_systems/324_seek_time.md
API Error (attempt 1): The read operation timed out
Failed to process content/studynote/1_computer_architecture/6_memory_hierarchy_cache/262_l3_cache.md: module 'time' has no attribute 'append'
Processing: content/studynote/1_computer_architecture/8_io_storage_systems/325_rotational_latency.md
Done: content/studynote/1_computer_architecture/8_io_storage_systems/312_programmed_io.md
Processing: content/studynote/1_computer_architecture/8_io_storage_systems/326_transfer_time.md
Done: content/studynote/1_computer_architecture/8_io_storage_systems/315_interrupt.md
Processing: content/studynote/1_computer_architecture/8_io_storage_systems/329_wear_leveling.md
Done: content/studynote/1_computer_architecture/8_io_storage_systems/323_track_sector_cylinder.md
Processing: content/studynote/1_computer_architecture/8_io_storage_systems/332_raid_0.md
Done: content/studynote/1_computer_architecture/8_io_storage_systems/324_seek_time.md
Processing: content/studynote/1_computer_architecture/8_io_storage_systems/333_raid_1.md
Done: content/studynote/1_computer_architecture/8_io_storage_systems/325_rotational_latency.md
Processing: content/studynote/1_computer_architecture/8_io_storage_systems/334_raid_5.md
Done: content/studynote/1_computer_architecture/8_io_storage_systems/326_transfer_time.md
Processing: content/studynote/1_computer_architecture/8_io_storage_systems/335_raid_6.md
Done: content/studynote/1_computer_architecture/8_io_storage_systems/332_raid_0.md
Processing: content/studynote/1_computer_architecture/8_io_storage_systems/336_raid_10_01.md
Done: content/studynote/1_computer_architecture/8_io_storage_systems/329_wear_leveling.md
Processing: content/studynote/1_computer_architecture/8_io_storage_systems/338_NAS_Network_Attached_Storage.md
Done: content/studynote/1_computer_architecture/8_io_storage_systems/336_raid_10_01.md
Processing: content/studynote/1_computer_architecture/8_io_storage_systems/339_DAS_Direct_Attached_Storage.md
Done: content/studynote/1_computer_architecture/8_io_storage_systems/334_raid_5.md
Processing: content/studynote/1_computer_architecture/8_io_storage_systems/340_SCSI_및_SAS_Serial_Attached_SCSI.md
Done: content/studynote/1_computer_architecture/8_io_storage_systems/338_NAS_Network_Attached_Storage.md
Processing: content/studynote/1_computer_architecture/8_io_storage_systems/341_SATA_Serial_ATA.md
Done: content/studynote/1_computer_architecture/8_io_storage_systems/333_raid_1.md
Processing: content/studynote/1_computer_architecture/8_io_storage_systems/342_nvme.md
Done: content/studynote/1_computer_architecture/8_io_storage_systems/340_SCSI_및_SAS_Serial_Attached_SCSI.md
Processing: content/studynote/1_computer_architecture/8_io_storage_systems/343_nvme_of.md
Done: content/studynote/1_computer_architecture/8_io_storage_systems/335_raid_6.md
Processing: content/studynote/2_operating_system/10_security_performance_virtualization/581_os_security_cia.md
Done: content/studynote/1_computer_architecture/8_io_storage_systems/341_SATA_Serial_ATA.md
Processing: content/studynote/2_operating_system/10_security_performance_virtualization/582_security_threats.md
Done: content/studynote/1_computer_architecture/8_io_storage_systems/342_nvme.md
Processing: content/studynote/2_operating_system/10_security_performance_virtualization/583_malware.md
Done: content/studynote/1_computer_architecture/8_io_storage_systems/343_nvme_of.md
Processing: content/studynote/2_operating_system/10_security_performance_virtualization/584_ids_ips.md
Done: content/studynote/1_computer_architecture/8_io_storage_systems/339_DAS_Direct_Attached_Storage.md
Processing: content/studynote/2_operating_system/10_security_performance_virtualization/585_access_control.md
Done: content/studynote/2_operating_system/10_security_performance_virtualization/584_ids_ips.md
Processing: content/studynote/2_operating_system/10_security_performance_virtualization/586_domain_matrix.md
Done: content/studynote/2_operating_system/10_security_performance_virtualization/582_security_threats.md
Processing: content/studynote/2_operating_system/10_security_performance_virtualization/587_principle_of_least_privilege.md
Done: content/studynote/2_operating_system/10_security_performance_virtualization/581_os_security_cia.md
Processing: content/studynote/2_operating_system/10_security_performance_virtualization/588_auditing_logging.md
Done: content/studynote/2_operating_system/10_security_performance_virtualization/585_access_control.md
Processing: content/studynote/2_operating_system/10_security_performance_virtualization/589_authentication.md
Done: content/studynote/2_operating_system/10_security_performance_virtualization/587_principle_of_least_privilege.md
Processing: content/studynote/2_operating_system/10_security_performance_virtualization/590_mfa.md
Done: content/studynote/2_operating_system/10_security_performance_virtualization/583_malware.md
Processing: content/studynote/2_operating_system/10_security_performance_virtualization/591_kernel_patch_management.md
Done: content/studynote/2_operating_system/10_security_performance_virtualization/588_auditing_logging.md
Processing: content/studynote/2_operating_system/10_security_performance_virtualization/592_meltdown_spectre_kpti.md
Done: content/studynote/2_operating_system/10_security_performance_virtualization/589_authentication.md
Processing: content/studynote/2_operating_system/10_security_performance_virtualization/593_aslr_memory_security.md
Done: content/studynote/2_operating_system/10_security_performance_virtualization/586_domain_matrix.md
Processing: content/studynote/2_operating_system/10_security_performance_virtualization/594_nx_bit_dep.md
Done: content/studynote/2_operating_system/10_security_performance_virtualization/591_kernel_patch_management.md
Processing: content/studynote/2_operating_system/10_security_performance_virtualization/595_sandboxing_seccomp.md
Done: content/studynote/2_operating_system/10_security_performance_virtualization/593_aslr_memory_security.md
Processing: content/studynote/2_operating_system/10_security_performance_virtualization/596_tpm_secure_boot.md
Done: content/studynote/2_operating_system/10_security_performance_virtualization/594_nx_bit_dep.md
Processing: content/studynote/2_operating_system/10_security_performance_virtualization/597_virtualization_security_vm_escape.md
Done: content/studynote/2_operating_system/10_security_performance_virtualization/590_mfa.md
Processing: content/studynote/2_operating_system/10_security_performance_virtualization/598_container_security.md
Done: content/studynote/2_operating_system/10_security_performance_virtualization/592_meltdown_spectre_kpti.md
Processing: content/studynote/2_operating_system/10_security_performance_virtualization/599_encrypted_filesystem.md
Done: content/studynote/2_operating_system/10_security_performance_virtualization/597_virtualization_security_vm_escape.md
Processing: content/studynote/2_operating_system/10_security_performance_virtualization/600_capability_based_security.md
Done: content/studynote/2_operating_system/10_security_performance_virtualization/596_tpm_secure_boot.md
Processing: content/studynote/2_operating_system/10_security_performance_virtualization/601_performance_metrics.md
Done: content/studynote/2_operating_system/10_security_performance_virtualization/595_sandboxing_seccomp.md
Processing: content/studynote/2_operating_system/10_security_performance_virtualization/602_os_overhead.md
Done: content/studynote/2_operating_system/10_security_performance_virtualization/598_container_security.md
Processing: content/studynote/2_operating_system/10_security_performance_virtualization/603_kernel_profiling.md
Done: content/studynote/2_operating_system/10_security_performance_virtualization/599_encrypted_filesystem.md
Processing: content/studynote/2_operating_system/10_security_performance_virtualization/604_proc_sys_monitoring.md
Done: content/studynote/2_operating_system/10_security_performance_virtualization/601_performance_metrics.md
Processing: content/studynote/2_operating_system/10_security_performance_virtualization/605_bottleneck_analysis.md
Done: content/studynote/2_operating_system/10_security_performance_virtualization/602_os_overhead.md
Processing: content/studynote/2_operating_system/10_security_performance_virtualization/606_optimization_strategy.md
Done: content/studynote/2_operating_system/10_security_performance_virtualization/603_kernel_profiling.md
Processing: content/studynote/2_operating_system/10_security_performance_virtualization/607_zero_copy.md
Done: content/studynote/2_operating_system/10_security_performance_virtualization/600_capability_based_security.md
Processing: content/studynote/2_operating_system/10_security_performance_virtualization/608_numa_optimization.md
Done: content/studynote/2_operating_system/10_security_performance_virtualization/606_optimization_strategy.md
Processing: content/studynote/2_operating_system/10_security_performance_virtualization/609_syscall_overhead_uio.md
Done: content/studynote/2_operating_system/10_security_performance_virtualization/605_bottleneck_analysis.md
Processing: content/studynote/2_operating_system/10_security_performance_virtualization/610_sysctl_tuning.md
Done: content/studynote/2_operating_system/10_security_performance_virtualization/607_zero_copy.md
Processing: content/studynote/2_operating_system/10_security_performance_virtualization/611_virtualization_definition_history.md
Done: content/studynote/2_operating_system/10_security_performance_virtualization/604_proc_sys_monitoring.md
Processing: content/studynote/2_operating_system/10_security_performance_virtualization/612_hypervisor_type1_type2.md
Done: content/studynote/2_operating_system/10_security_performance_virtualization/608_numa_optimization.md
Processing: content/studynote/2_operating_system/10_security_performance_virtualization/613_full_virtualization.md
Done: content/studynote/2_operating_system/10_security_performance_virtualization/610_sysctl_tuning.md
Processing: content/studynote/2_operating_system/10_security_performance_virtualization/614_para_virtualization_hypercall.md
Done: content/studynote/2_operating_system/10_security_performance_virtualization/609_syscall_overhead_uio.md
Processing: content/studynote/2_operating_system/10_security_performance_virtualization/615_hardware_assisted_virtualization_vt_x_amd_v.md
Done: content/studynote/2_operating_system/10_security_performance_virtualization/614_para_virtualization_hypercall.md
Processing: content/studynote/2_operating_system/10_security_performance_virtualization/616_cpu_virtualization_shadow_page_table.md
Done: content/studynote/2_operating_system/10_security_performance_virtualization/611_virtualization_definition_history.md
Processing: content/studynote/2_operating_system/10_security_performance_virtualization/617_ept_rvi_page_table_virtualization.md
Done: content/studynote/2_operating_system/10_security_performance_virtualization/612_hypervisor_type1_type2.md
Processing: content/studynote/2_operating_system/10_security_performance_virtualization/618_io_virtualization_virtio.md
Done: content/studynote/2_operating_system/10_security_performance_virtualization/615_hardware_assisted_virtualization_vt_x_amd_v.md
Processing: content/studynote/2_operating_system/10_security_performance_virtualization/619_sr_iov_hardware_virtualization.md
Done: content/studynote/2_operating_system/10_security_performance_virtualization/613_full_virtualization.md
Processing: content/studynote/2_operating_system/10_security_performance_virtualization/620_live_migration_mechanism.md
Done: content/studynote/2_operating_system/10_security_performance_virtualization/616_cpu_virtualization_shadow_page_table.md
Processing: content/studynote/2_operating_system/10_security_performance_virtualization/621_container_virtualization.md
Done: content/studynote/2_operating_system/10_security_performance_virtualization/618_io_virtualization_virtio.md
Processing: content/studynote/2_operating_system/10_security_performance_virtualization/622_linux_namespaces.md
Done: content/studynote/2_operating_system/10_security_performance_virtualization/617_ept_rvi_page_table_virtualization.md
Processing: content/studynote/2_operating_system/10_security_performance_virtualization/623_linux_cgroups.md
Done: content/studynote/2_operating_system/10_security_performance_virtualization/621_container_virtualization.md
Processing: content/studynote/2_operating_system/10_security_performance_virtualization/624_container_runtime.md
Done: content/studynote/2_operating_system/10_security_performance_virtualization/619_sr_iov_hardware_virtualization.md
Processing: content/studynote/2_operating_system/10_security_performance_virtualization/625_unionfs_overlayfs.md
Done: content/studynote/2_operating_system/10_security_performance_virtualization/620_live_migration_mechanism.md
Processing: content/studynote/2_operating_system/10_security_performance_virtualization/626_kata_containers.md
Done: content/studynote/2_operating_system/10_security_performance_virtualization/625_unionfs_overlayfs.md
Processing: content/studynote/2_operating_system/10_security_performance_virtualization/627_kubernetes_architecture.md
Done: content/studynote/2_operating_system/10_security_performance_virtualization/624_container_runtime.md
Processing: content/studynote/2_operating_system/10_security_performance_virtualization/628_serverless_os_abstraction.md
Done: content/studynote/2_operating_system/10_security_performance_virtualization/626_kata_containers.md
Processing: content/studynote/2_operating_system/10_security_performance_virtualization/629_unikernel.md
Done: content/studynote/2_operating_system/10_security_performance_virtualization/622_linux_namespaces.md
Processing: content/studynote/2_operating_system/10_security_performance_virtualization/630_wasm_virtualization.md
Done: content/studynote/2_operating_system/10_security_performance_virtualization/623_linux_cgroups.md
Processing: content/studynote/2_operating_system/10_security_performance_virtualization/631_confidential_computing.md
Done: content/studynote/2_operating_system/10_security_performance_virtualization/627_kubernetes_architecture.md
Processing: content/studynote/2_operating_system/10_security_performance_virtualization/632_tee_sgx_trustzone.md
Done: content/studynote/2_operating_system/10_security_performance_virtualization/629_unikernel.md
Processing: content/studynote/2_operating_system/10_security_performance_virtualization/633_os_power_management.md
Done: content/studynote/2_operating_system/10_security_performance_virtualization/628_serverless_os_abstraction.md
Processing: content/studynote/2_operating_system/10_security_performance_virtualization/634_dvfs.md
Done: content/studynote/2_operating_system/10_security_performance_virtualization/631_confidential_computing.md
Processing: content/studynote/2_operating_system/10_security_performance_virtualization/635_cpu_c_states_p_states.md
Done: content/studynote/2_operating_system/10_security_performance_virtualization/632_tee_sgx_trustzone.md
Processing: content/studynote/2_operating_system/10_security_performance_virtualization/636_interrupt_latency_optimization.md
Done: content/studynote/2_operating_system/10_security_performance_virtualization/630_wasm_virtualization.md
Processing: content/studynote/2_operating_system/10_security_performance_virtualization/637_os_performance_tuning_cases.md
Done: content/studynote/2_operating_system/10_security_performance_virtualization/633_os_power_management.md
Processing: content/studynote/2_operating_system/10_security_performance_virtualization/638_container_density_optimization.md
Done: content/studynote/2_operating_system/10_security_performance_virtualization/634_dvfs.md
Processing: content/studynote/2_operating_system/10_security_performance_virtualization/639_multi_tenant_resource_isolation.md
Done: content/studynote/2_operating_system/10_security_performance_virtualization/637_os_performance_tuning_cases.md
Processing: content/studynote/2_operating_system/10_security_performance_virtualization/640_os_design_tradeoffs.md
Done: content/studynote/2_operating_system/10_security_performance_virtualization/638_container_density_optimization.md
Processing: content/studynote/2_operating_system/10_security_performance_virtualization/647_performance_monitoring.md
Done: content/studynote/2_operating_system/10_security_performance_virtualization/635_cpu_c_states_p_states.md
Processing: content/studynote/2_operating_system/10_security_performance_virtualization/656_tpm.md
Done: content/studynote/2_operating_system/10_security_performance_virtualization/636_interrupt_latency_optimization.md
Processing: content/studynote/2_operating_system/10_security_performance_virtualization/658_covert_channels.md
Done: content/studynote/2_operating_system/10_security_performance_virtualization/647_performance_monitoring.md
Processing: content/studynote/2_operating_system/10_security_performance_virtualization/659_information_flow_control.md
Done: content/studynote/2_operating_system/10_security_performance_virtualization/639_multi_tenant_resource_isolation.md
Processing: content/studynote/2_operating_system/10_security_performance_virtualization/660_intrusion_detection.md
Done: content/studynote/2_operating_system/10_security_performance_virtualization/656_tpm.md
Processing: content/studynote/2_operating_system/10_security_performance_virtualization/661_firewall.md
Done: content/studynote/2_operating_system/10_security_performance_virtualization/640_os_design_tradeoffs.md
Processing: content/studynote/2_operating_system/10_security_performance_virtualization/662_ids_ips.md
Done: content/studynote/2_operating_system/10_security_performance_virtualization/659_information_flow_control.md
Processing: content/studynote/2_operating_system/10_security_performance_virtualization/663_honeypot.md
Done: content/studynote/2_operating_system/10_security_performance_virtualization/658_covert_channels.md
Processing: content/studynote/2_operating_system/10_security_performance_virtualization/664_forensics.md
Done: content/studynote/2_operating_system/10_security_performance_virtualization/661_firewall.md
Processing: content/studynote/2_operating_system/10_security_performance_virtualization/665_zero_trust.md
Done: content/studynote/2_operating_system/10_security_performance_virtualization/660_intrusion_detection.md
Processing: content/studynote/2_operating_system/10_security_performance_virtualization/667_ssd_security.md
Done: content/studynote/2_operating_system/10_security_performance_virtualization/662_ids_ips.md
Processing: content/studynote/2_operating_system/10_security_performance_virtualization/668_tpm20.md
Done: content/studynote/2_operating_system/10_security_performance_virtualization/663_honeypot.md
Processing: content/studynote/2_operating_system/10_security_performance_virtualization/669_measured_boot.md
Done: content/studynote/2_operating_system/10_security_performance_virtualization/665_zero_trust.md
Processing: content/studynote/2_operating_system/10_security_performance_virtualization/670_container_security.md
Done: content/studynote/2_operating_system/10_security_performance_virtualization/667_ssd_security.md
Processing: content/studynote/2_operating_system/1_overview_architecture/80_seccomp.md
Done: content/studynote/2_operating_system/10_security_performance_virtualization/664_forensics.md
Processing: content/studynote/2_operating_system/2_process_thread/151_namespace_isolation.md
Done: content/studynote/2_operating_system/10_security_performance_virtualization/668_tpm20.md
Processing: content/studynote/2_operating_system/3_cpu_scheduling/169_dispatch_latency.md
Done: content/studynote/2_operating_system/10_security_performance_virtualization/670_container_security.md
Processing: content/studynote/2_operating_system/3_cpu_scheduling/171_utilization_throughput.md
Done: content/studynote/2_operating_system/1_overview_architecture/80_seccomp.md
Processing: content/studynote/2_operating_system/3_cpu_scheduling/184_inter_queue_scheduling.md
Done: content/studynote/2_operating_system/10_security_performance_virtualization/669_measured_boot.md
Processing: content/studynote/2_operating_system/3_cpu_scheduling/186_mlfq_parameters.md
Done: content/studynote/2_operating_system/2_process_thread/151_namespace_isolation.md
Processing: content/studynote/2_operating_system/3_cpu_scheduling/191_thread_scheduling.md
Done: content/studynote/2_operating_system/3_cpu_scheduling/169_dispatch_latency.md
Processing: content/studynote/2_operating_system/3_cpu_scheduling/194_asmp.md
Done: content/studynote/2_operating_system/3_cpu_scheduling/184_inter_queue_scheduling.md
Processing: content/studynote/2_operating_system/3_cpu_scheduling/195_smp.md
Done: content/studynote/2_operating_system/3_cpu_scheduling/171_utilization_throughput.md
Processing: content/studynote/2_operating_system/6_memory_management/371_huge_pages.md
Done: content/studynote/2_operating_system/3_cpu_scheduling/191_thread_scheduling.md
Processing: content/studynote/2_operating_system/6_memory_management/372_mmu_interface.md
Done: content/studynote/2_operating_system/3_cpu_scheduling/195_smp.md
Processing: content/studynote/2_operating_system/6_memory_management/373_arm_x86_memory_mapping.md
Done: content/studynote/2_operating_system/3_cpu_scheduling/194_asmp.md
Processing: content/studynote/2_operating_system/6_memory_management/374_aslr.md
Done: content/studynote/2_operating_system/3_cpu_scheduling/186_mlfq_parameters.md
Processing: content/studynote/2_operating_system/6_memory_management/375_memory_protection_keys.md
Done: content/studynote/2_operating_system/6_memory_management/371_huge_pages.md
Processing: content/studynote/2_operating_system/6_memory_management/376_cache_aware_data_structures.md
Done: content/studynote/2_operating_system/6_memory_management/373_arm_x86_memory_mapping.md
Processing: content/studynote/2_operating_system/6_memory_management/377_numa_memory_allocation.md
Done: content/studynote/2_operating_system/6_memory_management/372_mmu_interface.md
Processing: content/studynote/2_operating_system/6_memory_management/378_local_vs_interleave_allocation.md
Done: content/studynote/2_operating_system/6_memory_management/375_memory_protection_keys.md
Processing: content/studynote/2_operating_system/6_memory_management/379_cache_coloring.md
Done: content/studynote/2_operating_system/6_memory_management/374_aslr.md
Processing: content/studynote/2_operating_system/6_memory_management/380_garbage_collection.md
Done: content/studynote/2_operating_system/6_memory_management/377_numa_memory_allocation.md
Processing: content/studynote/2_operating_system/9_file_system/501_file_concept.md
Done: content/studynote/2_operating_system/6_memory_management/376_cache_aware_data_structures.md
Processing: content/studynote/2_operating_system/9_file_system/502_file_attributes.md
Done: content/studynote/2_operating_system/9_file_system/501_file_concept.md
Processing: content/studynote/2_operating_system/9_file_system/503_file_operations.md
Done: content/studynote/2_operating_system/9_file_system/502_file_attributes.md
Processing: content/studynote/2_operating_system/9_file_system/504_open_file_table.md
Done: content/studynote/2_operating_system/6_memory_management/378_local_vs_interleave_allocation.md
Processing: content/studynote/2_operating_system/9_file_system/505_file_locking.md
Done: content/studynote/2_operating_system/6_memory_management/379_cache_coloring.md
Processing: content/studynote/2_operating_system/9_file_system/506_file_types.md
Done: content/studynote/2_operating_system/9_file_system/503_file_operations.md
Processing: content/studynote/2_operating_system/9_file_system/507_sequential_access.md
Done: content/studynote/2_operating_system/6_memory_management/380_garbage_collection.md
Processing: content/studynote/2_operating_system/9_file_system/508_direct_access.md
Done: content/studynote/2_operating_system/9_file_system/504_open_file_table.md
Processing: content/studynote/2_operating_system/9_file_system/509_indexed_access.md
Done: content/studynote/2_operating_system/9_file_system/505_file_locking.md
Processing: content/studynote/2_operating_system/9_file_system/510_directory_structure.md
Done: content/studynote/2_operating_system/9_file_system/506_file_types.md
Processing: content/studynote/2_operating_system/9_file_system/512_two_level_directory.md
Done: content/studynote/2_operating_system/9_file_system/509_indexed_access.md
Processing: content/studynote/2_operating_system/9_file_system/513_tree_structured_directory.md
Done: content/studynote/2_operating_system/9_file_system/507_sequential_access.md
Processing: content/studynote/2_operating_system/9_file_system/514_acyclic_graph_directory.md
Done: content/studynote/2_operating_system/9_file_system/508_direct_access.md
Processing: content/studynote/2_operating_system/9_file_system/515_general_graph_directory.md
Done: content/studynote/2_operating_system/9_file_system/510_directory_structure.md
Processing: content/studynote/2_operating_system/9_file_system/516_file_system_mounting.md
Done: content/studynote/2_operating_system/9_file_system/514_acyclic_graph_directory.md
Processing: content/studynote/2_operating_system/9_file_system/517_file_sharing_protection.md
Done: content/studynote/2_operating_system/9_file_system/512_two_level_directory.md
Processing: content/studynote/2_operating_system/9_file_system/518_acl_vs_capability_list.md
Done: content/studynote/2_operating_system/9_file_system/515_general_graph_directory.md
Processing: content/studynote/2_operating_system/9_file_system/519_virtual_file_system_vfs.md
Done: content/studynote/2_operating_system/9_file_system/513_tree_structured_directory.md
Processing: content/studynote/2_operating_system/9_file_system/520_network_file_system_nfs.md
Done: content/studynote/2_operating_system/9_file_system/516_file_system_mounting.md
Processing: content/studynote/2_operating_system/9_file_system/521_file_system_implementation.md
Done: content/studynote/2_operating_system/9_file_system/519_virtual_file_system_vfs.md
Processing: content/studynote/2_operating_system/9_file_system/522_boot_control_block.md
Done: content/studynote/2_operating_system/9_file_system/517_file_sharing_protection.md
Processing: content/studynote/2_operating_system/9_file_system/523_volume_control_block.md
Done: content/studynote/2_operating_system/9_file_system/518_acl_vs_capability_list.md
Processing: content/studynote/2_operating_system/9_file_system/524_file_control_block.md
Done: content/studynote/2_operating_system/9_file_system/520_network_file_system_nfs.md
Processing: content/studynote/2_operating_system/9_file_system/525_directory_linear_list.md
Done: content/studynote/2_operating_system/9_file_system/521_file_system_implementation.md
Processing: content/studynote/2_operating_system/9_file_system/526_directory_hash_table.md
Done: content/studynote/2_operating_system/9_file_system/524_file_control_block.md
Processing: content/studynote/2_operating_system/9_file_system/527_contiguous_allocation.md
Done: content/studynote/2_operating_system/9_file_system/522_boot_control_block.md
Processing: content/studynote/2_operating_system/9_file_system/528_contiguous_allocation_fragmentation.md
Done: content/studynote/2_operating_system/9_file_system/526_directory_hash_table.md
Processing: content/studynote/2_operating_system/9_file_system/529_linked_allocation.md
Done: content/studynote/2_operating_system/9_file_system/527_contiguous_allocation.md
Processing: content/studynote/2_operating_system/9_file_system/530_linked_allocation_problems.md
Done: content/studynote/2_operating_system/9_file_system/523_volume_control_block.md
Processing: content/studynote/2_operating_system/9_file_system/531_fat_file_allocation_table.md
Done: content/studynote/2_operating_system/9_file_system/528_contiguous_allocation_fragmentation.md
Processing: content/studynote/2_operating_system/9_file_system/532_indexed_allocation.md
Done: content/studynote/2_operating_system/9_file_system/525_directory_linear_list.md
Processing: content/studynote/2_operating_system/9_file_system/533_index_block.md
Done: content/studynote/2_operating_system/9_file_system/532_indexed_allocation.md
Processing: content/studynote/2_operating_system/9_file_system/534_indexed_allocation_extension.md
Done: content/studynote/2_operating_system/9_file_system/529_linked_allocation.md
Processing: content/studynote/2_operating_system/9_file_system/535_unix_mixed_indexed_allocation.md
Done: content/studynote/2_operating_system/9_file_system/530_linked_allocation_problems.md
Processing: content/studynote/2_operating_system/9_file_system/536_allocation_method_comparison.md
Done: content/studynote/2_operating_system/9_file_system/531_fat_file_allocation_table.md
Processing: content/studynote/2_operating_system/9_file_system/537_free_space_management.md
Done: content/studynote/2_operating_system/9_file_system/534_indexed_allocation_extension.md
Processing: content/studynote/2_operating_system/9_file_system/538_bit_vector_bitmap.md
Done: content/studynote/2_operating_system/9_file_system/533_index_block.md
Processing: content/studynote/2_operating_system/9_file_system/539_linked_list_free_space_management.md
Done: content/studynote/2_operating_system/9_file_system/539_linked_list_free_space_management.md
Processing: content/studynote/2_operating_system/9_file_system/540_grouping_counting_methods.md
Done: content/studynote/2_operating_system/9_file_system/536_allocation_method_comparison.md
Processing: content/studynote/2_operating_system/9_file_system/541_directory_implementation.md
Done: content/studynote/2_operating_system/9_file_system/537_free_space_management.md
Processing: content/studynote/2_operating_system/9_file_system/542_fs_efficiency_performance.md
Done: content/studynote/2_operating_system/9_file_system/538_bit_vector_bitmap.md
Processing: content/studynote/2_operating_system/9_file_system/543_disk_page_cache.md
Done: content/studynote/2_operating_system/9_file_system/540_grouping_counting_methods.md
Processing: content/studynote/2_operating_system/9_file_system/544_unified_page_cache.md
Done: content/studynote/2_operating_system/9_file_system/535_unix_mixed_indexed_allocation.md
Processing: content/studynote/2_operating_system/9_file_system/545_prefetching_read_ahead.md
Done: content/studynote/2_operating_system/9_file_system/544_unified_page_cache.md
Processing: content/studynote/2_operating_system/9_file_system/547_log_structured_fs_journaling.md
Done: content/studynote/2_operating_system/9_file_system/541_directory_implementation.md
Processing: content/studynote/2_operating_system/9_file_system/548_journaling_levels.md
Done: content/studynote/2_operating_system/9_file_system/543_disk_page_cache.md
Processing: content/studynote/2_operating_system/9_file_system/549_snapshot_recovery.md
Done: content/studynote/2_operating_system/9_file_system/542_fs_efficiency_performance.md
Processing: content/studynote/2_operating_system/9_file_system/550_wafl_file_system.md
Done: content/studynote/2_operating_system/9_file_system/545_prefetching_read_ahead.md
Processing: content/studynote/2_operating_system/9_file_system/551_ext4_fs_structure.md
Done: content/studynote/2_operating_system/9_file_system/551_ext4_fs_structure.md
Processing: content/studynote/2_operating_system/9_file_system/552_xfs_fs_performance.md
Done: content/studynote/2_operating_system/9_file_system/549_snapshot_recovery.md
Processing: content/studynote/2_operating_system/9_file_system/553_btrfs_snapshot_cow.md
Done: content/studynote/2_operating_system/9_file_system/552_xfs_fs_performance.md
Processing: content/studynote/2_operating_system/9_file_system/554_zfs_volume_integrity.md
Done: content/studynote/2_operating_system/9_file_system/553_btrfs_snapshot_cow.md
Processing: content/studynote/2_operating_system/9_file_system/555_ntfs_windows_standard.md
Done: content/studynote/2_operating_system/9_file_system/550_wafl_file_system.md
Processing: content/studynote/2_operating_system/9_file_system/556_exfat_flash_optimization.md
Done: content/studynote/2_operating_system/9_file_system/547_log_structured_fs_journaling.md
Processing: content/studynote/2_operating_system/9_file_system/557_apfs_apple_fs.md
Done: content/studynote/2_operating_system/9_file_system/548_journaling_levels.md
Processing: content/studynote/2_operating_system/9_file_system/558_f2fs_flash_friendly.md
Done: content/studynote/2_operating_system/9_file_system/554_zfs_volume_integrity.md
Processing: content/studynote/2_operating_system/9_file_system/559_log_structured_flash.md
Done: content/studynote/2_operating_system/9_file_system/558_f2fs_flash_friendly.md
Processing: content/studynote/2_operating_system/9_file_system/560_multilevel_cleaning_cost.md
Done: content/studynote/2_operating_system/9_file_system/557_apfs_apple_fs.md
Processing: content/studynote/2_operating_system/9_file_system/561_distributed_file_system_dfs_concept.md
Done: content/studynote/2_operating_system/9_file_system/556_exfat_flash_optimization.md
Processing: content/studynote/2_operating_system/9_file_system/562_client_server_vs_cluster_dfs.md
Done: content/studynote/2_operating_system/9_file_system/555_ntfs_windows_standard.md
Processing: content/studynote/2_operating_system/9_file_system/563_location_transparency_and_independence.md
Done: content/studynote/2_operating_system/9_file_system/560_multilevel_cleaning_cost.md
Processing: content/studynote/2_operating_system/9_file_system/564_dfs_file_sharing_semantics.md
Done: content/studynote/2_operating_system/9_file_system/561_distributed_file_system_dfs_concept.md
Processing: content/studynote/2_operating_system/9_file_system/565_file_caching_and_consistency.md
Done: content/studynote/2_operating_system/9_file_system/559_log_structured_flash.md
Processing: content/studynote/2_operating_system/9_file_system/567_namenode_and_datanode.md
Done: content/studynote/2_operating_system/9_file_system/563_location_transparency_and_independence.md
Processing: content/studynote/2_operating_system/9_file_system/568_hdfs_replication_and_ha.md
Done: content/studynote/2_operating_system/9_file_system/562_client_server_vs_cluster_dfs.md
Processing: content/studynote/2_operating_system/9_file_system/569_google_file_system_gfs.md
Done: content/studynote/2_operating_system/9_file_system/567_namenode_and_datanode.md
Processing: content/studynote/2_operating_system/9_file_system/570_ceph_distributed_object_storage.md
Done: content/studynote/2_operating_system/9_file_system/568_hdfs_replication_and_ha.md
Processing: content/studynote/2_operating_system/9_file_system/571_protection.md
Done: content/studynote/2_operating_system/9_file_system/565_file_caching_and_consistency.md
Processing: content/studynote/2_operating_system/9_file_system/572_protection_domain.md
Done: content/studynote/2_operating_system/9_file_system/569_google_file_system_gfs.md
Processing: content/studynote/2_operating_system/9_file_system/573_access_matrix.md
Done: content/studynote/2_operating_system/9_file_system/564_dfs_file_sharing_semantics.md
Processing: content/studynote/2_operating_system/9_file_system/576_capability_list__ticket.md
Done: content/studynote/2_operating_system/9_file_system/570_ceph_distributed_object_storage.md
Processing: content/studynote/2_operating_system/9_file_system/578_dac.md
Done: content/studynote/2_operating_system/9_file_system/571_protection.md
Processing: content/studynote/2_operating_system/9_file_system/579_mac.md
Done: content/studynote/2_operating_system/9_file_system/578_dac.md
Processing: content/studynote/3_network/10_dns_management/511_517_dns_structure_query.md
Done: content/studynote/2_operating_system/9_file_system/576_capability_list__ticket.md
Processing: content/studynote/3_network/10_dns_management/518_521_secure_dns_mdns.md
Done: content/studynote/2_operating_system/9_file_system/572_protection_domain.md
Processing: content/studynote/3_network/10_dns_management/522_527_dhcp_protocol_dora.md
Done: content/studynote/2_operating_system/9_file_system/579_mac.md
Processing: content/studynote/3_network/10_dns_management/528_534_snmp_protocol.md
Done: content/studynote/2_operating_system/9_file_system/573_access_matrix.md
Processing: content/studynote/3_network/10_dns_management/535_540_monitoring_ntp_flow.md
Done: content/studynote/3_network/10_dns_management/511_517_dns_structure_query.md
Processing: content/studynote/3_network/10_dns_management/541_545_aaa_security_protocols.md
Done: content/studynote/3_network/10_dns_management/518_521_secure_dns_mdns.md
Processing: content/studynote/3_network/10_dns_management/546_550_modern_auth_jwt.md
Done: content/studynote/3_network/10_dns_management/522_527_dhcp_protocol_dora.md
Processing: content/studynote/3_network/11_wireless_mobile/551_555_cellular_basics.md
Done: content/studynote/3_network/10_dns_management/528_534_snmp_protocol.md
Processing: content/studynote/3_network/11_wireless_mobile/556_560_handover_roaming.md
Done: content/studynote/3_network/10_dns_management/535_540_monitoring_ntp_flow.md
Processing: content/studynote/3_network/11_wireless_mobile/561_563_mobile_ip_management.md
Done: content/studynote/3_network/10_dns_management/541_545_aaa_security_protocols.md
Processing: content/studynote/3_network/11_wireless_mobile/564_566_diversity_rake_receiver.md
Done: content/studynote/3_network/10_dns_management/546_550_modern_auth_jwt.md
Processing: content/studynote/3_network/11_wireless_mobile/567_573_mobile_generations_1g_4g.md
Done: content/studynote/3_network/11_wireless_mobile/551_555_cellular_basics.md
Processing: content/studynote/3_network/11_wireless_mobile/574_580_5g_technologies.md
Done: content/studynote/3_network/11_wireless_mobile/561_563_mobile_ip_management.md
Processing: content/studynote/3_network/11_wireless_mobile/581_583_6g_leo_satellite.md
Done: content/studynote/3_network/11_wireless_mobile/556_560_handover_roaming.md
Processing: content/studynote/3_network/11_wireless_mobile/584_586_wlan_auth_signal.md
Done: content/studynote/3_network/11_wireless_mobile/564_566_diversity_rake_receiver.md
Processing: content/studynote/3_network/11_wireless_mobile/587_591_manet_v2x_tech.md
Done: content/studynote/3_network/11_wireless_mobile/574_580_5g_technologies.md
Processing: content/studynote/3_network/11_wireless_mobile/592_600_satellite_short_range.md
Done: content/studynote/3_network/11_wireless_mobile/567_573_mobile_generations_1g_4g.md
Processing: content/studynote/3_network/12_iot_wpan_edge/601_604_iot_basics_wpan.md
Done: content/studynote/3_network/11_wireless_mobile/584_586_wlan_auth_signal.md
Processing: content/studynote/3_network/12_iot_wpan_edge/605_608_bluetooth_ble_beacon.md
Done: content/studynote/3_network/11_wireless_mobile/581_583_6g_leo_satellite.md
Processing: content/studynote/3_network/12_iot_wpan_edge/609_612_smarthome_standards.md
Done: content/studynote/3_network/11_wireless_mobile/587_591_manet_v2x_tech.md
Processing: content/studynote/3_network/12_iot_wpan_edge/613_614_6lowpan_rpl.md
Done: content/studynote/3_network/12_iot_wpan_edge/601_604_iot_basics_wpan.md
Processing: content/studynote/3_network/12_iot_wpan_edge/615_621_lpwan_comparison.md
Done: content/studynote/3_network/12_iot_wpan_edge/605_608_bluetooth_ble_beacon.md
Processing: content/studynote/3_network/12_iot_wpan_edge/622_625_iot_protocols_mqtt_coap.md
Done: content/studynote/3_network/11_wireless_mobile/592_600_satellite_short_range.md
Processing: content/studynote/3_network/12_iot_wpan_edge/626_632_edge_industrial_comm.md
Done: content/studynote/3_network/12_iot_wpan_edge/609_612_smarthome_standards.md
Processing: content/studynote/3_network/12_iot_wpan_edge/633_650_advanced_iot_security.md
Done: content/studynote/3_network/12_iot_wpan_edge/613_614_6lowpan_rpl.md
Processing: content/studynote/3_network/13_network_security_basics/651_659_crypto_symmetric.md
Done: content/studynote/3_network/12_iot_wpan_edge/622_625_iot_protocols_mqtt_coap.md
Processing: content/studynote/3_network/13_network_security_basics/660_666_crypto_asymmetric.md
Done: content/studynote/3_network/12_iot_wpan_edge/615_621_lpwan_comparison.md
Processing: content/studynote/3_network/13_network_security_basics/667_674_hash_and_mac.md
Done: content/studynote/3_network/12_iot_wpan_edge/626_632_edge_industrial_comm.md
Processing: content/studynote/3_network/13_network_security_basics/675_680_digital_signature_pki.md
Done: content/studynote/3_network/13_network_security_basics/660_666_crypto_asymmetric.md
Processing: content/studynote/3_network/13_network_security_basics/681_689_tls_protocol.md
Done: content/studynote/3_network/13_network_security_basics/651_659_crypto_symmetric.md
Processing: content/studynote/3_network/13_network_security_basics/690_700_network_security_devices.md
Done: content/studynote/3_network/12_iot_wpan_edge/633_650_advanced_iot_security.md
Processing: content/studynote/3_network/14_network_attacks_defense/701_708_sniffing_spoofing.md
Done: content/studynote/3_network/13_network_security_basics/681_689_tls_protocol.md
Processing: content/studynote/3_network/14_network_attacks_defense/709_722_dos_ddos_attacks.md
Done: content/studynote/3_network/13_network_security_basics/667_674_hash_and_mac.md
Processing: content/studynote/3_network/14_network_attacks_defense/723_732_apt_web_threats.md
Done: content/studynote/3_network/13_network_security_basics/675_680_digital_signature_pki.md
Processing: content/studynote/3_network/14_network_attacks_defense/733_737_scanning_evasion_backdoor.md
Done: content/studynote/3_network/13_network_security_basics/690_700_network_security_devices.md
Processing: content/studynote/3_network/14_network_attacks_defense/738_750_modern_security_frameworks.md
Done: content/studynote/3_network/14_network_attacks_defense/701_708_sniffing_spoofing.md
Processing: content/studynote/3_network/15_4g_5g_6g_architecture/751_758_lte_architecture.md
Done: content/studynote/3_network/14_network_attacks_defense/733_737_scanning_evasion_backdoor.md
Processing: content/studynote/3_network/15_4g_5g_6g_architecture/759_772_5g_core_sba.md
Done: content/studynote/3_network/14_network_attacks_defense/709_722_dos_ddos_attacks.md
Processing: content/studynote/3_network/15_4g_5g_6g_architecture/773_780_5g_slicing_mimo.md
Done: content/studynote/3_network/14_network_attacks_defense/723_732_apt_web_threats.md
Processing: content/studynote/3_network/15_4g_5g_6g_architecture/781_785_ran_evolution.md
Done: content/studynote/3_network/15_4g_5g_6g_architecture/773_780_5g_slicing_mimo.md
Processing: content/studynote/3_network/15_4g_5g_6g_architecture/786_800_6g_future_tech.md
Done: content/studynote/3_network/15_4g_5g_6g_architecture/751_758_lte_architecture.md
Processing: content/studynote/3_network/16_datacenter_cloud_networking/801_808_spine_leaf_architecture.md
Done: content/studynote/3_network/14_network_attacks_defense/738_750_modern_security_frameworks.md
Processing: content/studynote/3_network/16_datacenter_cloud_networking/809_814_storage_hpc_networking.md
Done: content/studynote/3_network/15_4g_5g_6g_architecture/781_785_ran_evolution.md
Processing: content/studynote/3_network/16_datacenter_cloud_networking/815_820_overlay_vxlan_evpn.md
Done: content/studynote/3_network/15_4g_5g_6g_architecture/759_772_5g_core_sba.md
Processing: content/studynote/3_network/16_datacenter_cloud_networking/821_832_cloud_native_service_mesh.md
Done: content/studynote/3_network/15_4g_5g_6g_architecture/786_800_6g_future_tech.md
Processing: content/studynote/3_network/16_datacenter_cloud_networking/833_843_loadbalancing_cloud_connect.md
Done: content/studynote/3_network/16_datacenter_cloud_networking/809_814_storage_hpc_networking.md
Processing: content/studynote/3_network/16_datacenter_cloud_networking/844_850_acceleration_sdwan.md
